<?xml version="1.0" encoding="UTF-8"?>
<testng-results ignored="0" total="1" passed="1" failed="0" skipped="0">
  <reporter-output>
  </reporter-output>
  <suite started-at="2023-01-03T18:12:39 CST" name="Default suite" finished-at="2023-01-03T18:13:15 CST" duration-ms="35230">
    <groups>
    </groups>
    <test started-at="2023-01-03T18:12:39 CST" name="Default test" finished-at="2023-01-03T18:13:15 CST" duration-ms="35230">
      <class name="PageTest.AddCustomerTest">
        <test-method signature="userShouldBeAbleToAddCustomer()[pri:0, instance:PageTest.AddCustomerTest@6d025197]" started-at="2023-01-03T18:12:40 CST" name="userShouldBeAbleToAddCustomer" finished-at="2023-01-03T18:13:15 CST" duration-ms="35188" status="PASS">
          <reporter-output>
          </reporter-output>
        </test-method> <!-- userShouldBeAbleToAddCustomer -->
      </class> <!-- PageTest.AddCustomerTest -->
    </test> <!-- Default test -->
  </suite> <!-- Default suite -->
</testng-results>
